WARNING: A terminally deprecated method in sun.misc.Unsafe has been called
WARNING: sun.misc.Unsafe::staticFieldBase has been called by com.google.inject.internal.aop.HiddenClassDefiner (file:/C:/Users/nopsy/.m2/wrapper/dists/apache-maven-3.9.11/a2d47e15/lib/guice-5.1.0-classes.jar)
WARNING: Please consider reporting this to the maintainers of class com.google.inject.internal.aop.HiddenClassDefiner
WARNING: sun.misc.Unsafe::staticFieldBase will be removed in a future release
[INFO] Scanning for projects...
[INFO] 
[INFO] -----------------------< com.pretest:ecommerce >------------------------
[INFO] Building ecommerce 0.0.1-SNAPSHOT
[INFO]   from pom.xml
[INFO] --------------------------------[ jar ]---------------------------------
[INFO] 
[INFO] --- resources:3.3.1:resources (default-resources) @ ecommerce ---
[INFO] Copying 1 resource from src\main\resources to target\classes
[INFO] Copying 0 resource from src\main\resources to target\classes
[INFO] 
[INFO] --- compiler:3.11.0:compile (default-compile) @ ecommerce ---
[INFO] Nothing to compile - all classes are up to date
[INFO] 
[INFO] --- resources:3.3.1:testResources (default-testResources) @ ecommerce ---
[INFO] Copying 0 resource from src\test\resources to target\test-classes
[INFO] 
[INFO] --- compiler:3.11.0:testCompile (default-testCompile) @ ecommerce ---
[INFO] Nothing to compile - all classes are up to date
[INFO] 
[INFO] --- surefire:3.2.3:test (default-test) @ ecommerce ---
[INFO] Using auto detected provider org.apache.maven.surefire.junitplatform.JUnitPlatformProvider
[INFO] 
[INFO] -------------------------------------------------------
[INFO]  T E S T S
[INFO] -------------------------------------------------------
[INFO] Running com.pretest.ecommerce.controller.AuthControllerTest
02:09:55.477 [main] INFO org.springframework.test.context.support.AnnotationConfigContextLoaderUtils -- Could not detect default configuration classes for test class [com.pretest.ecommerce.controller.AuthControllerTest]: AuthControllerTest does not declare any static, non-private, non-final, nested classes annotated with @Configuration.
02:09:55.626 [main] INFO org.springframework.boot.test.context.SpringBootTestContextBootstrapper -- Found @SpringBootConfiguration com.pretest.ecommerce.EcommerceApplication for test class com.pretest.ecommerce.controller.AuthControllerTest

  .   ____          _            __ _ _
 /\\ / ___'_ __ _ _(_)_ __  __ _ \ \ \ \
( ( )\___ | '_ | '_| | '_ \/ _` | \ \ \ \
 \\/  ___)| |_)| | | | | || (_| |  ) ) ) )
  '  |____| .__|_| |_|_| |_\__, | / / / /
 =========|_|==============|___/=/_/_/_/
 :: Spring Boot ::                (v3.2.0)

2025-12-13T02:09:55.928+07:00  INFO 1532 --- [ecommerce] [           main] c.p.e.controller.AuthControllerTest      : Starting AuthControllerTest using Java 25.0.1 with PID 1532 (started by nopsy in D:\Codingan\Kerjaan\Tabel Data\pretest-maggang-backend-java)
2025-12-13T02:09:55.930+07:00  INFO 1532 --- [ecommerce] [           main] c.p.e.controller.AuthControllerTest      : No active profile set, falling back to 1 default profile: "default"
WARNING: A Java agent has been loaded dynamically (C:\Users\nopsy\.m2\repository\net\bytebuddy\byte-buddy-agent\1.14.10\byte-buddy-agent-1.14.10.jar)
WARNING: If a serviceability tool is in use, please run with -XX:+EnableDynamicAgentLoading to hide this warning
WARNING: If a serviceability tool is not in use, please run with -Djdk.instrument.traceUsage for more information
WARNING: Dynamic loading of agents will be disallowed by default in a future release
OpenJDK 64-Bit Server VM warning: Sharing is only supported for boot loader classes because bootstrap classpath has been appended
WARNING: A terminally deprecated method in sun.misc.Unsafe has been called
WARNING: sun.misc.Unsafe::objectFieldOffset has been called by net.bytebuddy.dynamic.loading.ClassInjector$UsingUnsafe$Dispatcher$CreationAction (file:/C:/Users/nopsy/.m2/repository/net/bytebuddy/byte-buddy/1.14.10/byte-buddy-1.14.10.jar)
WARNING: Please consider reporting this to the maintainers of class net.bytebuddy.dynamic.loading.ClassInjector$UsingUnsafe$Dispatcher$CreationAction
WARNING: sun.misc.Unsafe::objectFieldOffset will be removed in a future release
2025-12-13T02:09:57.916+07:00  INFO 1532 --- [ecommerce] [           main] o.s.b.t.m.w.SpringBootMockServletContext : Initializing Spring TestDispatcherServlet ''
2025-12-13T02:09:57.916+07:00  INFO 1532 --- [ecommerce] [           main] o.s.t.web.servlet.TestDispatcherServlet  : Initializing Servlet ''
2025-12-13T02:09:57.917+07:00  INFO 1532 --- [ecommerce] [           main] o.s.t.web.servlet.TestDispatcherServlet  : Completed initialization in 1 ms
2025-12-13T02:09:57.939+07:00  INFO 1532 --- [ecommerce] [           main] c.p.e.controller.AuthControllerTest      : Started AuthControllerTest in 2.261 seconds (process running for 3.166)
2025-12-13T02:09:58.039+07:00  WARN 1532 --- [ecommerce] [           main] o.s.web.servlet.PageNotFound             : No mapping for POST /api/register

MockHttpServletRequest:
      HTTP Method = POST
      Request URI = /api/register
       Parameters = {}
          Headers = [Content-Type:"application/json;charset=UTF-8", Content-Length:"67"]
             Body = {"email":"test@gmail.com","name":"Test User","password":"password"}
    Session Attrs = {}

Handler:
             Type = null

Async:
    Async started = false
     Async result = null

Resolved Exception:
             Type = org.springframework.web.servlet.NoHandlerFoundException

ModelAndView:
        View name = null
             View = null
            Model = null

FlashMap:
       Attributes = null

MockHttpServletResponse:
           Status = 404
    Error message = null
          Headers = [Content-Type:"application/json"]
     Content type = application/json
             Body = {"success":false,"message":"Not Found","errors":"No endpoint POST /api/register."}
    Forwarded URL = null
   Redirected URL = null
          Cookies = []
2025-12-13T02:09:58.094+07:00  WARN 1532 --- [ecommerce] [           main] o.s.web.servlet.PageNotFound             : No mapping for POST /api/logout

MockHttpServletRequest:
      HTTP Method = POST
      Request URI = /api/logout
       Parameters = {}
          Headers = [Authorization:"Bearer test_token"]
             Body = null
    Session Attrs = {}

Handler:
             Type = null

Async:
    Async started = false
     Async result = null

Resolved Exception:
             Type = org.springframework.web.servlet.NoHandlerFoundException

ModelAndView:
        View name = null
             View = null
            Model = null

FlashMap:
       Attributes = null

MockHttpServletResponse:
           Status = 404
    Error message = null
          Headers = [Content-Type:"application/json"]
     Content type = application/json
             Body = {"success":false,"message":"Not Found","errors":"No endpoint POST /api/logout."}
    Forwarded URL = null
   Redirected URL = null
          Cookies = []
2025-12-13T02:09:58.105+07:00  WARN 1532 --- [ecommerce] [           main] o.s.web.servlet.PageNotFound             : No mapping for POST /api/register/seller

MockHttpServletRequest:
      HTTP Method = POST
      Request URI = /api/register/seller
       Parameters = {}
          Headers = [Content-Type:"application/json;charset=UTF-8", Content-Length:"71"]
             Body = {"email":"seller@gmail.com","name":"Seller User","password":"password"}
    Session Attrs = {}

Handler:
             Type = null

Async:
    Async started = false
     Async result = null

Resolved Exception:
             Type = org.springframework.web.servlet.NoHandlerFoundException

ModelAndView:
        View name = null
             View = null
            Model = null

FlashMap:
       Attributes = null

MockHttpServletResponse:
           Status = 404
    Error message = null
          Headers = [Content-Type:"application/json"]
     Content type = application/json
             Body = {"success":false,"message":"Not Found","errors":"No endpoint POST /api/register/seller."}
    Forwarded URL = null
   Redirected URL = null
          Cookies = []
2025-12-13T02:09:58.116+07:00  WARN 1532 --- [ecommerce] [           main] o.s.web.servlet.PageNotFound             : No mapping for POST /api/register

MockHttpServletRequest:
      HTTP Method = POST
      Request URI = /api/register
       Parameters = {}
          Headers = [Content-Type:"application/json;charset=UTF-8", Content-Length:"67"]
             Body = {"email":"test@gmail.com","name":"Test User","password":"password"}
    Session Attrs = {}

Handler:
             Type = null

Async:
    Async started = false
     Async result = null

Resolved Exception:
             Type = org.springframework.web.servlet.NoHandlerFoundException

ModelAndView:
        View name = null
             View = null
            Model = null

FlashMap:
       Attributes = null

MockHttpServletResponse:
           Status = 404
    Error message = null
          Headers = [Content-Type:"application/json"]
     Content type = application/json
             Body = {"success":false,"message":"Not Found","errors":"No endpoint POST /api/register."}
    Forwarded URL = null
   Redirected URL = null
          Cookies = []
2025-12-13T02:09:58.127+07:00  WARN 1532 --- [ecommerce] [           main] o.s.web.servlet.PageNotFound             : No mapping for POST /api/login

MockHttpServletRequest:
      HTTP Method = POST
      Request URI = /api/login
       Parameters = {}
          Headers = [Content-Type:"application/json;charset=UTF-8", Content-Length:"54"]
             Body = {"email":"test@gmail.com","password":"wrong_password"}
    Session Attrs = {}

Handler:
             Type = null

Async:
    Async started = false
     Async result = null

Resolved Exception:
             Type = org.springframework.web.servlet.NoHandlerFoundException

ModelAndView:
        View name = null
             View = null
            Model = null

FlashMap:
       Attributes = null

MockHttpServletResponse:
           Status = 404
    Error message = null
          Headers = [Content-Type:"application/json"]
     Content type = application/json
             Body = {"success":false,"message":"Not Found","errors":"No endpoint POST /api/login."}
    Forwarded URL = null
   Redirected URL = null
          Cookies = []
2025-12-13T02:09:58.136+07:00  WARN 1532 --- [ecommerce] [           main] o.s.web.servlet.PageNotFound             : No mapping for POST /api/logout

MockHttpServletRequest:
      HTTP Method = POST
      Request URI = /api/logout
       Parameters = {}
          Headers = [Authorization:"Bearer invalid_token"]
             Body = null
    Session Attrs = {}

Handler:
             Type = null

Async:
    Async started = false
     Async result = null

Resolved Exception:
             Type = org.springframework.web.servlet.NoHandlerFoundException

ModelAndView:
        View name = null
             View = null
            Model = null

FlashMap:
       Attributes = null

MockHttpServletResponse:
           Status = 404
    Error message = null
          Headers = [Content-Type:"application/json"]
     Content type = application/json
             Body = {"success":false,"message":"Not Found","errors":"No endpoint POST /api/logout."}
    Forwarded URL = null
   Redirected URL = null
          Cookies = []
2025-12-13T02:09:58.145+07:00  WARN 1532 --- [ecommerce] [           main] o.s.web.servlet.PageNotFound             : No mapping for POST /api/login

MockHttpServletRequest:
      HTTP Method = POST
      Request URI = /api/login
       Parameters = {}
          Headers = [Content-Type:"application/json;charset=UTF-8", Content-Length:"48"]
             Body = {"email":"test@gmail.com","password":"password"}
    Session Attrs = {}

Handler:
             Type = null

Async:
    Async started = false
     Async result = null

Resolved Exception:
             Type = org.springframework.web.servlet.NoHandlerFoundException

ModelAndView:
        View name = null
             View = null
            Model = null

FlashMap:
       Attributes = null

MockHttpServletResponse:
           Status = 404
    Error message = null
          Headers = [Content-Type:"application/json"]
     Content type = application/json
             Body = {"success":false,"message":"Not Found","errors":"No endpoint POST /api/login."}
    Forwarded URL = null
   Redirected URL = null
          Cookies = []
[ERROR] Tests run: 7, Failures: 7, Errors: 0, Skipped: 0, Time elapsed: 2.815 s <<< FAILURE! -- in com.pretest.ecommerce.controller.AuthControllerTest
[ERROR] com.pretest.ecommerce.controller.AuthControllerTest.registerSuccess -- Time elapsed: 0.137 s <<< FAILURE!
java.lang.AssertionError: Status expected:<200> but was:<404>
	at org.springframework.test.util.AssertionErrors.fail(AssertionErrors.java:59)
	at org.springframework.test.util.AssertionErrors.assertEquals(AssertionErrors.java:122)
	at org.springframework.test.web.servlet.result.StatusResultMatchers.lambda$matcher$9(StatusResultMatchers.java:637)
	at org.springframework.test.web.servlet.MockMvc$1.andExpect(MockMvc.java:214)
	at com.pretest.ecommerce.controller.AuthControllerTest.registerSuccess(AuthControllerTest.java:52)
	at java.base/java.lang.reflect.Method.invoke(Method.java:565)
	at java.base/java.util.ArrayList.forEach(ArrayList.java:1604)
	at java.base/java.util.ArrayList.forEach(ArrayList.java:1604)

[ERROR] com.pretest.ecommerce.controller.AuthControllerTest.logoutSuccess -- Time elapsed: 0.009 s <<< FAILURE!
java.lang.AssertionError: Status expected:<200> but was:<404>
	at org.springframework.test.util.AssertionErrors.fail(AssertionErrors.java:59)
	at org.springframework.test.util.AssertionErrors.assertEquals(AssertionErrors.java:122)
	at org.springframework.test.web.servlet.result.StatusResultMatchers.lambda$matcher$9(StatusResultMatchers.java:637)
	at org.springframework.test.web.servlet.MockMvc$1.andExpect(MockMvc.java:214)
	at com.pretest.ecommerce.controller.AuthControllerTest.logoutSuccess(AuthControllerTest.java:152)
	at java.base/java.lang.reflect.Method.invoke(Method.java:565)
	at java.base/java.util.ArrayList.forEach(ArrayList.java:1604)
	at java.base/java.util.ArrayList.forEach(ArrayList.java:1604)

[ERROR] com.pretest.ecommerce.controller.AuthControllerTest.registerSellerSuccess -- Time elapsed: 0.007 s <<< FAILURE!
java.lang.AssertionError: Status expected:<200> but was:<404>
	at org.springframework.test.util.AssertionErrors.fail(AssertionErrors.java:59)
	at org.springframework.test.util.AssertionErrors.assertEquals(AssertionErrors.java:122)
	at org.springframework.test.web.servlet.result.StatusResultMatchers.lambda$matcher$9(StatusResultMatchers.java:637)
	at org.springframework.test.web.servlet.MockMvc$1.andExpect(MockMvc.java:214)
	at com.pretest.ecommerce.controller.AuthControllerTest.registerSellerSuccess(AuthControllerTest.java:79)
	at java.base/java.lang.reflect.Method.invoke(Method.java:565)
	at java.base/java.util.ArrayList.forEach(ArrayList.java:1604)
	at java.base/java.util.ArrayList.forEach(ArrayList.java:1604)

[ERROR] com.pretest.ecommerce.controller.AuthControllerTest.registerFailed -- Time elapsed: 0.011 s <<< FAILURE!
java.lang.AssertionError: Status expected:<400> but was:<404>
	at org.springframework.test.util.AssertionErrors.fail(AssertionErrors.java:59)
	at org.springframework.test.util.AssertionErrors.assertEquals(AssertionErrors.java:122)
	at org.springframework.test.web.servlet.result.StatusResultMatchers.lambda$matcher$9(StatusResultMatchers.java:637)
	at org.springframework.test.web.servlet.MockMvc$1.andExpect(MockMvc.java:214)
	at com.pretest.ecommerce.controller.AuthControllerTest.registerFailed(AuthControllerTest.java:102)
	at java.base/java.lang.reflect.Method.invoke(Method.java:565)
	at java.base/java.util.ArrayList.forEach(ArrayList.java:1604)
	at java.base/java.util.ArrayList.forEach(ArrayList.java:1604)

[ERROR] com.pretest.ecommerce.controller.AuthControllerTest.loginFailed -- Time elapsed: 0.007 s <<< FAILURE!
java.lang.AssertionError: Status expected:<400> but was:<404>
	at org.springframework.test.util.AssertionErrors.fail(AssertionErrors.java:59)
	at org.springframework.test.util.AssertionErrors.assertEquals(AssertionErrors.java:122)
	at org.springframework.test.web.servlet.result.StatusResultMatchers.lambda$matcher$9(StatusResultMatchers.java:637)
	at org.springframework.test.web.servlet.MockMvc$1.andExpect(MockMvc.java:214)
	at com.pretest.ecommerce.controller.AuthControllerTest.loginFailed(AuthControllerTest.java:141)
	at java.base/java.lang.reflect.Method.invoke(Method.java:565)
	at java.base/java.util.ArrayList.forEach(ArrayList.java:1604)
	at java.base/java.util.ArrayList.forEach(ArrayList.java:1604)

[ERROR] com.pretest.ecommerce.controller.AuthControllerTest.logoutFailed -- Time elapsed: 0.008 s <<< FAILURE!
java.lang.AssertionError: Status expected:<401> but was:<404>
	at org.springframework.test.util.AssertionErrors.fail(AssertionErrors.java:59)
	at org.springframework.test.util.AssertionErrors.assertEquals(AssertionErrors.java:122)
	at org.springframework.test.web.servlet.result.StatusResultMatchers.lambda$matcher$9(StatusResultMatchers.java:637)
	at org.springframework.test.web.servlet.MockMvc$1.andExpect(MockMvc.java:214)
	at com.pretest.ecommerce.controller.AuthControllerTest.logoutFailed(AuthControllerTest.java:168)
	at java.base/java.lang.reflect.Method.invoke(Method.java:565)
	at java.base/java.util.ArrayList.forEach(ArrayList.java:1604)
	at java.base/java.util.ArrayList.forEach(ArrayList.java:1604)

[ERROR] com.pretest.ecommerce.controller.AuthControllerTest.loginSuccess -- Time elapsed: 0.006 s <<< FAILURE!
java.lang.AssertionError: Status expected:<200> but was:<404>
	at org.springframework.test.util.AssertionErrors.fail(AssertionErrors.java:59)
	at org.springframework.test.util.AssertionErrors.assertEquals(AssertionErrors.java:122)
	at org.springframework.test.web.servlet.result.StatusResultMatchers.lambda$matcher$9(StatusResultMatchers.java:637)
	at org.springframework.test.web.servlet.MockMvc$1.andExpect(MockMvc.java:214)
	at com.pretest.ecommerce.controller.AuthControllerTest.loginSuccess(AuthControllerTest.java:122)
	at java.base/java.lang.reflect.Method.invoke(Method.java:565)
	at java.base/java.util.ArrayList.forEach(ArrayList.java:1604)
	at java.base/java.util.ArrayList.forEach(ArrayList.java:1604)

[INFO] Running com.pretest.ecommerce.controller.CartControllerTest
2025-12-13T02:09:58.157+07:00  INFO 1532 --- [ecommerce] [           main] t.c.s.AnnotationConfigContextLoaderUtils : Could not detect default configuration classes for test class [com.pretest.ecommerce.controller.CartControllerTest]: CartControllerTest does not declare any static, non-private, non-final, nested classes annotated with @Configuration.
2025-12-13T02:09:58.166+07:00  INFO 1532 --- [ecommerce] [           main] .b.t.c.SpringBootTestContextBootstrapper : Found @SpringBootConfiguration com.pretest.ecommerce.EcommerceApplication for test class com.pretest.ecommerce.controller.CartControllerTest

  .   ____          _            __ _ _
 /\\ / ___'_ __ _ _(_)_ __  __ _ \ \ \ \
( ( )\___ | '_ | '_| | '_ \/ _` | \ \ \ \
 \\/  ___)| |_)| | | | | || (_| |  ) ) ) )
  '  |____| .__|_| |_|_| |_\__, | / / / /
 =========|_|==============|___/=/_/_/_/
 :: Spring Boot ::                (v3.2.0)

2025-12-13T02:09:58.212+07:00  INFO 1532 --- [ecommerce] [           main] c.p.e.controller.CartControllerTest      : Starting CartControllerTest using Java 25.0.1 with PID 1532 (started by nopsy in D:\Codingan\Kerjaan\Tabel Data\pretest-maggang-backend-java)
2025-12-13T02:09:58.213+07:00  INFO 1532 --- [ecommerce] [           main] c.p.e.controller.CartControllerTest      : No active profile set, falling back to 1 default profile: "default"
2025-12-13T02:09:58.484+07:00  INFO 1532 --- [ecommerce] [           main] o.s.b.t.m.w.SpringBootMockServletContext : Initializing Spring TestDispatcherServlet ''
2025-12-13T02:09:58.484+07:00  INFO 1532 --- [ecommerce] [           main] o.s.t.web.servlet.TestDispatcherServlet  : Initializing Servlet ''
2025-12-13T02:09:58.484+07:00  INFO 1532 --- [ecommerce] [           main] o.s.t.web.servlet.TestDispatcherServlet  : Completed initialization in 0 ms
2025-12-13T02:09:58.520+07:00  INFO 1532 --- [ecommerce] [           main] c.p.e.controller.CartControllerTest      : Started CartControllerTest in 0.349 seconds (process running for 3.747)
[INFO] Tests run: 5, Failures: 0, Errors: 0, Skipped: 0, Time elapsed: 0.555 s -- in com.pretest.ecommerce.controller.CartControllerTest
[INFO] Running com.pretest.ecommerce.controller.ImageControllerTest
2025-12-13T02:09:58.715+07:00  INFO 1532 --- [ecommerce] [           main] t.c.s.AnnotationConfigContextLoaderUtils : Could not detect default configuration classes for test class [com.pretest.ecommerce.controller.ImageControllerTest]: ImageControllerTest does not declare any static, non-private, non-final, nested classes annotated with @Configuration.
2025-12-13T02:09:58.724+07:00  INFO 1532 --- [ecommerce] [           main] .b.t.c.SpringBootTestContextBootstrapper : Found @SpringBootConfiguration com.pretest.ecommerce.EcommerceApplication for test class com.pretest.ecommerce.controller.ImageControllerTest

  .   ____          _            __ _ _
 /\\ / ___'_ __ _ _(_)_ __  __ _ \ \ \ \
( ( )\___ | '_ | '_| | '_ \/ _` | \ \ \ \
 \\/  ___)| |_)| | | | | || (_| |  ) ) ) )
  '  |____| .__|_| |_|_| |_\__, | / / / /
 =========|_|==============|___/=/_/_/_/
 :: Spring Boot ::                (v3.2.0)

2025-12-13T02:09:58.744+07:00  INFO 1532 --- [ecommerce] [           main] c.p.e.controller.ImageControllerTest     : Starting ImageControllerTest using Java 25.0.1 with PID 1532 (started by nopsy in D:\Codingan\Kerjaan\Tabel Data\pretest-maggang-backend-java)
2025-12-13T02:09:58.746+07:00  INFO 1532 --- [ecommerce] [           main] c.p.e.controller.ImageControllerTest     : No active profile set, falling back to 1 default profile: "default"
2025-12-13T02:09:58.916+07:00  INFO 1532 --- [ecommerce] [           main] o.s.b.t.m.w.SpringBootMockServletContext : Initializing Spring TestDispatcherServlet ''
2025-12-13T02:09:58.917+07:00  INFO 1532 --- [ecommerce] [           main] o.s.t.web.servlet.TestDispatcherServlet  : Initializing Servlet ''
2025-12-13T02:09:58.917+07:00  INFO 1532 --- [ecommerce] [           main] o.s.t.web.servlet.TestDispatcherServlet  : Completed initialization in 0 ms
2025-12-13T02:09:58.920+07:00  INFO 1532 --- [ecommerce] [           main] c.p.e.controller.ImageControllerTest     : Started ImageControllerTest in 0.193 seconds (process running for 4.148)
[INFO] Tests run: 2, Failures: 0, Errors: 0, Skipped: 0, Time elapsed: 0.226 s -- in com.pretest.ecommerce.controller.ImageControllerTest
[INFO] Running com.pretest.ecommerce.controller.ProductControllerTest
2025-12-13T02:09:58.946+07:00  INFO 1532 --- [ecommerce] [           main] t.c.s.AnnotationConfigContextLoaderUtils : Could not detect default configuration classes for test class [com.pretest.ecommerce.controller.ProductControllerTest]: ProductControllerTest does not declare any static, non-private, non-final, nested classes annotated with @Configuration.
2025-12-13T02:09:58.953+07:00  INFO 1532 --- [ecommerce] [           main] .b.t.c.SpringBootTestContextBootstrapper : Found @SpringBootConfiguration com.pretest.ecommerce.EcommerceApplication for test class com.pretest.ecommerce.controller.ProductControllerTest

  .   ____          _            __ _ _
 /\\ / ___'_ __ _ _(_)_ __  __ _ \ \ \ \
( ( )\___ | '_ | '_| | '_ \/ _` | \ \ \ \
 \\/  ___)| |_)| | | | | || (_| |  ) ) ) )
  '  |____| .__|_| |_|_| |_\__, | / / / /
 =========|_|==============|___/=/_/_/_/
 :: Spring Boot ::                (v3.2.0)

2025-12-13T02:09:58.988+07:00  INFO 1532 --- [ecommerce] [           main] c.p.e.controller.ProductControllerTest   : Starting ProductControllerTest using Java 25.0.1 with PID 1532 (started by nopsy in D:\Codingan\Kerjaan\Tabel Data\pretest-maggang-backend-java)
2025-12-13T02:09:58.988+07:00  INFO 1532 --- [ecommerce] [           main] c.p.e.controller.ProductControllerTest   : No active profile set, falling back to 1 default profile: "default"
2025-12-13T02:09:59.230+07:00  INFO 1532 --- [ecommerce] [           main] o.s.b.t.m.w.SpringBootMockServletContext : Initializing Spring TestDispatcherServlet ''
2025-12-13T02:09:59.231+07:00  INFO 1532 --- [ecommerce] [           main] o.s.t.web.servlet.TestDispatcherServlet  : Initializing Servlet ''
2025-12-13T02:09:59.231+07:00  INFO 1532 --- [ecommerce] [           main] o.s.t.web.servlet.TestDispatcherServlet  : Completed initialization in 0 ms
2025-12-13T02:09:59.237+07:00  INFO 1532 --- [ecommerce] [           main] c.p.e.controller.ProductControllerTest   : Started ProductControllerTest in 0.28 seconds (process running for 4.464)
[INFO] Tests run: 5, Failures: 0, Errors: 0, Skipped: 0, Time elapsed: 0.386 s -- in com.pretest.ecommerce.controller.ProductControllerTest
[INFO] Running com.pretest.ecommerce.controller.StoreControllerTest
2025-12-13T02:09:59.336+07:00  INFO 1532 --- [ecommerce] [           main] t.c.s.AnnotationConfigContextLoaderUtils : Could not detect default configuration classes for test class [com.pretest.ecommerce.controller.StoreControllerTest]: StoreControllerTest does not declare any static, non-private, non-final, nested classes annotated with @Configuration.
2025-12-13T02:09:59.345+07:00  INFO 1532 --- [ecommerce] [           main] .b.t.c.SpringBootTestContextBootstrapper : Found @SpringBootConfiguration com.pretest.ecommerce.EcommerceApplication for test class com.pretest.ecommerce.controller.StoreControllerTest

  .   ____          _            __ _ _
 /\\ / ___'_ __ _ _(_)_ __  __ _ \ \ \ \
( ( )\___ | '_ | '_| | '_ \/ _` | \ \ \ \
 \\/  ___)| |_)| | | | | || (_| |  ) ) ) )
  '  |____| .__|_| |_|_| |_\__, | / / / /
 =========|_|==============|___/=/_/_/_/
 :: Spring Boot ::                (v3.2.0)

2025-12-13T02:09:59.372+07:00  INFO 1532 --- [ecommerce] [           main] c.p.e.controller.StoreControllerTest     : Starting StoreControllerTest using Java 25.0.1 with PID 1532 (started by nopsy in D:\Codingan\Kerjaan\Tabel Data\pretest-maggang-backend-java)
2025-12-13T02:09:59.374+07:00  INFO 1532 --- [ecommerce] [           main] c.p.e.controller.StoreControllerTest     : No active profile set, falling back to 1 default profile: "default"
2025-12-13T02:09:59.613+07:00  INFO 1532 --- [ecommerce] [           main] o.s.b.t.m.w.SpringBootMockServletContext : Initializing Spring TestDispatcherServlet ''
2025-12-13T02:09:59.613+07:00  INFO 1532 --- [ecommerce] [           main] o.s.t.web.servlet.TestDispatcherServlet  : Initializing Servlet ''
2025-12-13T02:09:59.613+07:00  INFO 1532 --- [ecommerce] [           main] o.s.t.web.servlet.TestDispatcherServlet  : Completed initialization in 0 ms
2025-12-13T02:09:59.617+07:00  INFO 1532 --- [ecommerce] [           main] c.p.e.controller.StoreControllerTest     : Started StoreControllerTest in 0.267 seconds (process running for 4.844)
[INFO] Tests run: 5, Failures: 0, Errors: 0, Skipped: 0, Time elapsed: 0.327 s -- in com.pretest.ecommerce.controller.StoreControllerTest
[INFO] Running com.pretest.ecommerce.controller.TransactionControllerTest
2025-12-13T02:09:59.665+07:00  INFO 1532 --- [ecommerce] [           main] t.c.s.AnnotationConfigContextLoaderUtils : Could not detect default configuration classes for test class [com.pretest.ecommerce.controller.TransactionControllerTest]: TransactionControllerTest does not declare any static, non-private, non-final, nested classes annotated with @Configuration.
2025-12-13T02:09:59.670+07:00  INFO 1532 --- [ecommerce] [           main] .b.t.c.SpringBootTestContextBootstrapper : Found @SpringBootConfiguration com.pretest.ecommerce.EcommerceApplication for test class com.pretest.ecommerce.controller.TransactionControllerTest

  .   ____          _            __ _ _
 /\\ / ___'_ __ _ _(_)_ __  __ _ \ \ \ \
( ( )\___ | '_ | '_| | '_ \/ _` | \ \ \ \
 \\/  ___)| |_)| | | | | || (_| |  ) ) ) )
  '  |____| .__|_| |_|_| |_\__, | / / / /
 =========|_|==============|___/=/_/_/_/
 :: Spring Boot ::                (v3.2.0)

2025-12-13T02:09:59.685+07:00  INFO 1532 --- [ecommerce] [           main] c.p.e.c.TransactionControllerTest        : Starting TransactionControllerTest using Java 25.0.1 with PID 1532 (started by nopsy in D:\Codingan\Kerjaan\Tabel Data\pretest-maggang-backend-java)
2025-12-13T02:09:59.685+07:00  INFO 1532 --- [ecommerce] [           main] c.p.e.c.TransactionControllerTest        : No active profile set, falling back to 1 default profile: "default"
2025-12-13T02:09:59.850+07:00  INFO 1532 --- [ecommerce] [           main] o.s.b.t.m.w.SpringBootMockServletContext : Initializing Spring TestDispatcherServlet ''
2025-12-13T02:09:59.851+07:00  INFO 1532 --- [ecommerce] [           main] o.s.t.web.servlet.TestDispatcherServlet  : Initializing Servlet ''
2025-12-13T02:09:59.851+07:00  INFO 1532 --- [ecommerce] [           main] o.s.t.web.servlet.TestDispatcherServlet  : Completed initialization in 0 ms
2025-12-13T02:09:59.853+07:00  INFO 1532 --- [ecommerce] [           main] c.p.e.c.TransactionControllerTest        : Started TransactionControllerTest in 0.181 seconds (process running for 5.081)
[INFO] Tests run: 1, Failures: 0, Errors: 0, Skipped: 0, Time elapsed: 0.202 s -- in com.pretest.ecommerce.controller.TransactionControllerTest
[INFO] Running com.pretest.ecommerce.EcommerceApplicationTests
2025-12-13T02:09:59.867+07:00  INFO 1532 --- [ecommerce] [           main] t.c.s.AnnotationConfigContextLoaderUtils : Could not detect default configuration classes for test class [com.pretest.ecommerce.EcommerceApplicationTests]: EcommerceApplicationTests does not declare any static, non-private, non-final, nested classes annotated with @Configuration.
2025-12-13T02:09:59.871+07:00  INFO 1532 --- [ecommerce] [           main] .b.t.c.SpringBootTestContextBootstrapper : Found @SpringBootConfiguration com.pretest.ecommerce.EcommerceApplication for test class com.pretest.ecommerce.EcommerceApplicationTests

  .   ____          _            __ _ _
 /\\ / ___'_ __ _ _(_)_ __  __ _ \ \ \ \
( ( )\___ | '_ | '_| | '_ \/ _` | \ \ \ \
 \\/  ___)| |_)| | | | | || (_| |  ) ) ) )
  '  |____| .__|_| |_|_| |_\__, | / / / /
 =========|_|==============|___/=/_/_/_/
 :: Spring Boot ::                (v3.2.0)

2025-12-13T02:09:59.896+07:00  INFO 1532 --- [ecommerce] [           main] c.p.ecommerce.EcommerceApplicationTests  : Starting EcommerceApplicationTests using Java 25.0.1 with PID 1532 (started by nopsy in D:\Codingan\Kerjaan\Tabel Data\pretest-maggang-backend-java)
2025-12-13T02:09:59.896+07:00  INFO 1532 --- [ecommerce] [           main] c.p.ecommerce.EcommerceApplicationTests  : No active profile set, falling back to 1 default profile: "default"
2025-12-13T02:10:00.106+07:00  INFO 1532 --- [ecommerce] [           main] .s.d.r.c.RepositoryConfigurationDelegate : Multiple Spring Data modules found, entering strict repository configuration mode
2025-12-13T02:10:00.108+07:00  INFO 1532 --- [ecommerce] [           main] .s.d.r.c.RepositoryConfigurationDelegate : Bootstrapping Spring Data JPA repositories in DEFAULT mode.
2025-12-13T02:10:00.149+07:00  INFO 1532 --- [ecommerce] [           main] .s.d.r.c.RepositoryConfigurationDelegate : Finished Spring Data repository scanning in 35 ms. Found 5 JPA repository interfaces.
2025-12-13T02:10:00.162+07:00  INFO 1532 --- [ecommerce] [           main] .s.d.r.c.RepositoryConfigurationDelegate : Multiple Spring Data modules found, entering strict repository configuration mode
2025-12-13T02:10:00.164+07:00  INFO 1532 --- [ecommerce] [           main] .s.d.r.c.RepositoryConfigurationDelegate : Bootstrapping Spring Data Redis repositories in DEFAULT mode.
2025-12-13T02:10:00.178+07:00  INFO 1532 --- [ecommerce] [           main] .RepositoryConfigurationExtensionSupport : Spring Data Redis - Could not safely identify store assignment for repository candidate interface com.pretest.ecommerce.repository.CartRepository; If you want this repository to be a Redis repository, consider annotating your entities with one of these annotations: org.springframework.data.redis.core.RedisHash (preferred), or consider extending one of the following types with your repository: org.springframework.data.keyvalue.repository.KeyValueRepository
2025-12-13T02:10:00.178+07:00  INFO 1532 --- [ecommerce] [           main] .RepositoryConfigurationExtensionSupport : Spring Data Redis - Could not safely identify store assignment for repository candidate interface com.pretest.ecommerce.repository.ProductRepository; If you want this repository to be a Redis repository, consider annotating your entities with one of these annotations: org.springframework.data.redis.core.RedisHash (preferred), or consider extending one of the following types with your repository: org.springframework.data.keyvalue.repository.KeyValueRepository
2025-12-13T02:10:00.178+07:00  INFO 1532 --- [ecommerce] [           main] .RepositoryConfigurationExtensionSupport : Spring Data Redis - Could not safely identify store assignment for repository candidate interface com.pretest.ecommerce.repository.StoreRepository; If you want this repository to be a Redis repository, consider annotating your entities with one of these annotations: org.springframework.data.redis.core.RedisHash (preferred), or consider extending one of the following types with your repository: org.springframework.data.keyvalue.repository.KeyValueRepository
2025-12-13T02:10:00.179+07:00  INFO 1532 --- [ecommerce] [           main] .RepositoryConfigurationExtensionSupport : Spring Data Redis - Could not safely identify store assignment for repository candidate interface com.pretest.ecommerce.repository.TransactionRepository; If you want this repository to be a Redis repository, consider annotating your entities with one of these annotations: org.springframework.data.redis.core.RedisHash (preferred), or consider extending one of the following types with your repository: org.springframework.data.keyvalue.repository.KeyValueRepository
2025-12-13T02:10:00.179+07:00  INFO 1532 --- [ecommerce] [           main] .RepositoryConfigurationExtensionSupport : Spring Data Redis - Could not safely identify store assignment for repository candidate interface com.pretest.ecommerce.repository.UserRepository; If you want this repository to be a Redis repository, consider annotating your entities with one of these annotations: org.springframework.data.redis.core.RedisHash (preferred), or consider extending one of the following types with your repository: org.springframework.data.keyvalue.repository.KeyValueRepository
2025-12-13T02:10:00.179+07:00  INFO 1532 --- [ecommerce] [           main] .s.d.r.c.RepositoryConfigurationDelegate : Finished Spring Data repository scanning in 8 ms. Found 0 Redis repository interfaces.
2025-12-13T02:10:00.401+07:00  INFO 1532 --- [ecommerce] [           main] o.hibernate.jpa.internal.util.LogHelper  : HHH000204: Processing PersistenceUnitInfo [name: default]
2025-12-13T02:10:00.446+07:00  INFO 1532 --- [ecommerce] [           main] org.hibernate.Version                    : HHH000412: Hibernate ORM core version 6.3.1.Final
2025-12-13T02:10:00.478+07:00  INFO 1532 --- [ecommerce] [           main] o.h.c.internal.RegionFactoryInitiator    : HHH000026: Second-level cache disabled
2025-12-13T02:10:00.576+07:00  INFO 1532 --- [ecommerce] [           main] o.s.o.j.p.SpringPersistenceUnitInfo      : No LoadTimeWeaver setup: ignoring JPA class transformer
2025-12-13T02:10:00.604+07:00  INFO 1532 --- [ecommerce] [           main] com.zaxxer.hikari.HikariDataSource       : HikariPool-1 - Starting...
2025-12-13T02:10:00.788+07:00  INFO 1532 --- [ecommerce] [           main] com.zaxxer.hikari.pool.HikariPool        : HikariPool-1 - Added connection org.postgresql.jdbc.PgConnection@d436e51
2025-12-13T02:10:00.789+07:00  INFO 1532 --- [ecommerce] [           main] com.zaxxer.hikari.HikariDataSource       : HikariPool-1 - Start completed.
2025-12-13T02:10:00.829+07:00  WARN 1532 --- [ecommerce] [           main] org.hibernate.orm.deprecation            : HHH90000025: PostgreSQLDialect does not need to be specified explicitly using 'hibernate.dialect' (remove the property setting and it will be selected by default)
2025-12-13T02:10:01.922+07:00  INFO 1532 --- [ecommerce] [           main] o.h.e.t.j.p.i.JtaPlatformInitiator       : HHH000489: No JTA platform available (set 'hibernate.transaction.jta.platform' to enable JTA platform integration)
2025-12-13T02:10:02.086+07:00  INFO 1532 --- [ecommerce] [           main] j.LocalContainerEntityManagerFactoryBean : Initialized JPA EntityManagerFactory for persistence unit 'default'
WARNING: A restricted method in java.lang.System has been called
WARNING: java.lang.System::load has been called by org.apache.tomcat.jni.Library in an unnamed module (file:/C:/Users/nopsy/.m2/repository/org/apache/tomcat/embed/tomcat-embed-core/10.1.16/tomcat-embed-core-10.1.16.jar)
WARNING: Use --enable-native-access=ALL-UNNAMED to avoid a warning for callers in this module
WARNING: Restricted methods will be blocked in a future release unless native access is enabled

2025-12-13T02:10:02.831+07:00  WARN 1532 --- [ecommerce] [           main] JpaBaseConfiguration$JpaWebConfiguration : spring.jpa.open-in-view is enabled by default. Therefore, database queries may be performed during view rendering. Explicitly configure spring.jpa.open-in-view to disable this warning
2025-12-13T02:10:03.006+07:00  INFO 1532 --- [ecommerce] [           main] c.p.ecommerce.EcommerceApplicationTests  : Started EcommerceApplicationTests in 3.131 seconds (process running for 8.234)
[INFO] Tests run: 1, Failures: 0, Errors: 0, Skipped: 0, Time elapsed: 3.148 s -- in com.pretest.ecommerce.EcommerceApplicationTests
[INFO] 
[INFO] Results:
[INFO] 
[ERROR] Failures: 
[ERROR]   AuthControllerTest.loginFailed:141 Status expected:<400> but was:<404>
[ERROR]   AuthControllerTest.loginSuccess:122 Status expected:<200> but was:<404>
[ERROR]   AuthControllerTest.logoutFailed:168 Status expected:<401> but was:<404>
[ERROR]   AuthControllerTest.logoutSuccess:152 Status expected:<200> but was:<404>
[ERROR]   AuthControllerTest.registerFailed:102 Status expected:<400> but was:<404>
[ERROR]   AuthControllerTest.registerSellerSuccess:79 Status expected:<200> but was:<404>
[ERROR]   AuthControllerTest.registerSuccess:52 Status expected:<200> but was:<404>
[INFO] 
[ERROR] Tests run: 26, Failures: 7, Errors: 0, Skipped: 0
[INFO] 
[INFO] ------------------------------------------------------------------------
[INFO] BUILD FAILURE
[INFO] ------------------------------------------------------------------------
[INFO] Total time:  10.464 s
[INFO] Finished at: 2025-12-13T02:10:03+07:00
[INFO] ------------------------------------------------------------------------
[ERROR] Failed to execute goal org.apache.maven.plugins:maven-surefire-plugin:3.2.3:test (default-test) on project ecommerce: There are test failures.
[ERROR] 
[ERROR] Please refer to D:\Codingan\Kerjaan\Tabel Data\pretest-maggang-backend-java\target\surefire-reports for the individual test results.
[ERROR] Please refer to dump files (if any exist) [date].dump, [date]-jvmRun[N].dump and [date].dumpstream.
[ERROR] -> [Help 1]
[ERROR] 
[ERROR] To see the full stack trace of the errors, re-run Maven with the -e switch.
[ERROR] Re-run Maven using the -X switch to enable full debug logging.
[ERROR] 
[ERROR] For more information about the errors and possible solutions, please read the following articles:
[ERROR] [Help 1] http://cwiki.apache.org/confluence/display/MAVEN/MojoFailureException
